mode: count
github.com/hyperjumptech/beda/Beda.go:4.47,9.2 1 14
github.com/hyperjumptech/beda/Beda.go:26.45,29.2 2 0
github.com/hyperjumptech/beda/Beda.go:38.49,47.19 6 8
github.com/hyperjumptech/beda/Beda.go:52.2,52.26 1 8
github.com/hyperjumptech/beda/Beda.go:57.2,57.26 1 8
github.com/hyperjumptech/beda/Beda.go:61.2,61.25 1 8
github.com/hyperjumptech/beda/Beda.go:74.2,74.21 1 8
github.com/hyperjumptech/beda/Beda.go:47.19,49.3 1 32
github.com/hyperjumptech/beda/Beda.go:52.26,54.3 1 24
github.com/hyperjumptech/beda/Beda.go:57.26,59.3 1 24
github.com/hyperjumptech/beda/Beda.go:61.25,62.26 1 24
github.com/hyperjumptech/beda/Beda.go:62.26,64.20 2 72
github.com/hyperjumptech/beda/Beda.go:69.4,71.36 1 72
github.com/hyperjumptech/beda/Beda.go:64.20,66.5 1 18
github.com/hyperjumptech/beda/Beda.go:66.10,68.5 1 54
github.com/hyperjumptech/beda/Beda.go:84.46,85.28 1 40
github.com/hyperjumptech/beda/Beda.go:90.2,90.30 1 22
github.com/hyperjumptech/beda/Beda.go:85.28,86.18 1 202
github.com/hyperjumptech/beda/Beda.go:86.18,88.4 1 18
github.com/hyperjumptech/beda/Beda.go:93.46,94.35 1 402
github.com/hyperjumptech/beda/Beda.go:97.2,97.27 1 402
github.com/hyperjumptech/beda/Beda.go:102.2,102.13 1 36
github.com/hyperjumptech/beda/Beda.go:94.35,96.3 1 0
github.com/hyperjumptech/beda/Beda.go:97.27,98.24 1 496
github.com/hyperjumptech/beda/Beda.go:98.24,100.4 1 366
github.com/hyperjumptech/beda/Beda.go:105.40,107.17 2 4
github.com/hyperjumptech/beda/Beda.go:110.2,115.33 5 4
github.com/hyperjumptech/beda/Beda.go:119.2,119.12 1 4
github.com/hyperjumptech/beda/Beda.go:107.17,109.3 1 0
github.com/hyperjumptech/beda/Beda.go:115.33,118.3 2 40
github.com/hyperjumptech/beda/Beda.go:126.44,129.2 2 0
github.com/hyperjumptech/beda/Beda.go:139.48,146.25 7 2
github.com/hyperjumptech/beda/Beda.go:154.2,155.25 2 2
github.com/hyperjumptech/beda/Beda.go:158.2,158.25 1 2
github.com/hyperjumptech/beda/Beda.go:161.2,163.35 2 2
github.com/hyperjumptech/beda/Beda.go:146.25,147.26 1 20
github.com/hyperjumptech/beda/Beda.go:147.26,148.19 1 200
github.com/hyperjumptech/beda/Beda.go:148.19,151.5 1 18
github.com/hyperjumptech/beda/Beda.go:155.25,157.3 1 20
github.com/hyperjumptech/beda/Beda.go:158.25,160.3 1 20
github.com/hyperjumptech/beda/Beda.go:166.31,168.25 2 72
github.com/hyperjumptech/beda/Beda.go:173.2,173.12 1 72
github.com/hyperjumptech/beda/Beda.go:168.25,169.24 1 216
github.com/hyperjumptech/beda/Beda.go:169.24,171.4 1 123
github.com/hyperjumptech/beda/Beda.go:176.35,179.21 3 4
github.com/hyperjumptech/beda/Beda.go:186.2,187.23 2 4
github.com/hyperjumptech/beda/Beda.go:192.2,192.12 1 4
github.com/hyperjumptech/beda/Beda.go:179.21,182.3 2 0
github.com/hyperjumptech/beda/Beda.go:182.8,185.3 2 4
github.com/hyperjumptech/beda/Beda.go:187.23,188.17 1 24
github.com/hyperjumptech/beda/Beda.go:188.17,190.4 1 4
github.com/hyperjumptech/beda/Beda.go:195.32,197.21 2 4
github.com/hyperjumptech/beda/Beda.go:204.2,205.23 2 4
github.com/hyperjumptech/beda/Beda.go:213.2,213.12 1 4
github.com/hyperjumptech/beda/Beda.go:197.21,200.3 2 0
github.com/hyperjumptech/beda/Beda.go:200.8,203.3 2 4
github.com/hyperjumptech/beda/Beda.go:205.23,206.24 1 24
github.com/hyperjumptech/beda/Beda.go:206.24,207.16 1 68
github.com/hyperjumptech/beda/Beda.go:207.16,209.10 2 24
github.com/hyperjumptech/beda/Beda.go:219.42,222.2 2 0
github.com/hyperjumptech/beda/Beda.go:227.46,238.2 8 4
github.com/hyperjumptech/beda/Beda.go:247.60,250.2 2 0
github.com/hyperjumptech/beda/Beda.go:263.62,269.21 6 2
github.com/hyperjumptech/beda/Beda.go:276.2,276.22 1 2
github.com/hyperjumptech/beda/Beda.go:287.2,289.11 2 2
github.com/hyperjumptech/beda/Beda.go:269.21,272.3 2 0
github.com/hyperjumptech/beda/Beda.go:272.8,275.3 2 2
github.com/hyperjumptech/beda/Beda.go:276.22,277.16 1 9
github.com/hyperjumptech/beda/Beda.go:277.16,279.15 2 8
github.com/hyperjumptech/beda/Beda.go:279.15,280.10 1 1
github.com/hyperjumptech/beda/Beda.go:282.9,283.9 1 1
